\BOOKMARK [1][-]{section*.2}{Introduction}{}% 1
\BOOKMARK [1][-]{section*.3}{Motivation}{}% 2
\BOOKMARK [2][-]{section*.4}{Background}{section*.3}% 3
\BOOKMARK [1][-]{section*.5}{Dataset}{}% 4
\BOOKMARK [2][-]{section*.6}{Code Similarity}{section*.5}% 5
\BOOKMARK [3][-]{section*.7}{Cannonicalization of the AST Representation}{section*.6}% 6
\BOOKMARK [3][-]{section*.8}{Zhang-Shasha Tree Edit Distance}{section*.6}% 7
\BOOKMARK [2][-]{section*.9}{Memory Access Similarity}{section*.5}% 8
\BOOKMARK [1][-]{section*.10}{Backend Implementation}{}% 9
\BOOKMARK [2][-]{section*.11}{C++ Parser}{section*.10}% 10
\BOOKMARK [2][-]{section*.12}{C++ Parser}{section*.10}% 11
\BOOKMARK [2][-]{section*.13}{JavaScript Transpiler}{section*.10}% 12
\BOOKMARK [1][-]{section*.14}{Runtime}{}% 13
\BOOKMARK [2][-]{section*.15}{C++ Types}{section*.14}% 14
\BOOKMARK [2][-]{section*.16}{The C++ Heap}{section*.14}% 15
\BOOKMARK [2][-]{section*.17}{CUDA Execution}{section*.14}% 16
\BOOKMARK [2][-]{section*.18}{Avoiding Blocking}{section*.14}% 17
\BOOKMARK [2][-]{section*.19}{Maintaining the SourceMap}{section*.14}% 18
\BOOKMARK [1][-]{section*.20}{FrontEnd Implementation}{}% 19
\BOOKMARK [1][-]{section*.21}{Results}{}% 20
\BOOKMARK [1][-]{section*.22}{Limitations}{}% 21
\BOOKMARK [1][-]{section*.23}{Future Work}{}% 22
\BOOKMARK [1][-]{section*.24}{REFERENCES }{}% 23
